<?xml version="1.0" encoding="UTF-8"?>
<robot generator="Robot 7.2.2 (Python 3.13.2 on win32)" generated="2025-02-20T21:35:10.347986" rpa="false" schemaversion="5">
<suite id="s1" name="Login Tests" source="D:\robotframework\login_tests">
<suite id="s1-s1" name="Invalid Login" source="D:\robotframework\login_tests\invalid_login.robot">
<kw name="Open Browser To Login Page" owner="resource" type="SETUP">
<kw name="Open Browser" owner="SeleniumLibrary">
<msg time="2025-02-20T21:35:10.723296" level="INFO">Opening browser 'chrome' to base url 'https://melivecode.com/login/login.html'.</msg>
<arg>${LOGIN URL}</arg>
<arg>${BROWSER}</arg>
<doc>Opens a new browser instance to the optional ``url``.</doc>
<status status="PASS" start="2025-02-20T21:35:10.723073" elapsed="4.622695"/>
</kw>
<kw name="Maximize Browser Window" owner="SeleniumLibrary">
<doc>Maximizes current browser window.</doc>
<status status="PASS" start="2025-02-20T21:35:15.345987" elapsed="0.051019"/>
</kw>
<kw name="Set Selenium Speed" owner="SeleniumLibrary">
<arg>${DELAY}</arg>
<doc>Sets the delay that is waited after each Selenium command.</doc>
<status status="PASS" start="2025-02-20T21:35:15.397261" elapsed="0.000325"/>
</kw>
<kw name="Login Page Should Be Open" owner="resource">
<kw name="Title Should Be" owner="SeleniumLibrary">
<msg time="2025-02-20T21:35:20.404810" level="INFO">Page title is 'Me Live Code - Login'.</msg>
<arg>Me Live Code - Login</arg>
<doc>Verifies that the current page title equals ``title``.</doc>
<status status="PASS" start="2025-02-20T21:35:15.398191" elapsed="5.006760"/>
</kw>
<status status="PASS" start="2025-02-20T21:35:15.397895" elapsed="5.007184"/>
</kw>
<status status="PASS" start="2025-02-20T21:35:10.722545" elapsed="9.682612"/>
</kw>
<test id="s1-s1-t1" name="Invalid Username" line="17">
<kw name="Go To Login Page" owner="resource" type="SETUP">
<kw name="Go To" owner="SeleniumLibrary">
<msg time="2025-02-20T21:35:20.406198" level="INFO">Opening url 'https://melivecode.com/login/login.html'</msg>
<arg>${LOGIN URL}</arg>
<doc>Navigates the current browser window to the provided ``url``.</doc>
<status status="PASS" start="2025-02-20T21:35:20.406069" elapsed="5.119304"/>
</kw>
<kw name="Login Page Should Be Open" owner="resource">
<kw name="Title Should Be" owner="SeleniumLibrary">
<msg time="2025-02-20T21:35:30.530591" level="INFO">Page title is 'Me Live Code - Login'.</msg>
<arg>Me Live Code - Login</arg>
<doc>Verifies that the current page title equals ``title``.</doc>
<status status="PASS" start="2025-02-20T21:35:25.525939" elapsed="5.004774"/>
</kw>
<status status="PASS" start="2025-02-20T21:35:25.525663" elapsed="5.005153"/>
</kw>
<status status="PASS" start="2025-02-20T21:35:20.405825" elapsed="10.125053"/>
</kw>
<kw name="Login With Invalid Credentials Should Fail">
<kw name="Input Username" owner="resource">
<kw name="Input Text" owner="SeleniumLibrary">
<msg time="2025-02-20T21:35:30.532587" level="INFO">Typing text 'invalid' into text field 'username'.</msg>
<arg>username</arg>
<arg>${username}</arg>
<doc>Types the given ``text`` into the text field identified by ``locator``.</doc>
<status status="PASS" start="2025-02-20T21:35:30.532012" elapsed="15.088302"/>
</kw>
<arg>${username}</arg>
<status status="PASS" start="2025-02-20T21:35:30.531719" elapsed="15.088785"/>
</kw>
<kw name="Input Password" owner="resource">
<kw name="Input Text" owner="SeleniumLibrary">
<msg time="2025-02-20T21:35:45.621159" level="INFO">Typing text 'melivecode' into text field 'password'.</msg>
<arg>password</arg>
<arg>${password}</arg>
<doc>Types the given ``text`` into the text field identified by ``locator``.</doc>
<status status="PASS" start="2025-02-20T21:35:45.620980" elapsed="15.069471"/>
</kw>
<arg>${password}</arg>
<status status="PASS" start="2025-02-20T21:35:45.620691" elapsed="15.069904"/>
</kw>
<kw name="Submit Credentials" owner="resource">
<kw name="Click Button" owner="SeleniumLibrary">
<msg time="2025-02-20T21:36:00.691217" level="INFO">Clicking button 'login_button'.</msg>
<arg>login_button</arg>
<doc>Clicks the button identified by ``locator``.</doc>
<status status="PASS" start="2025-02-20T21:36:00.691050" elapsed="20.067875"/>
</kw>
<status status="PASS" start="2025-02-20T21:36:00.690781" elapsed="20.068284"/>
</kw>
<kw name="Login Should Have Failed">
<kw name="Location Should Be" owner="SeleniumLibrary">
<msg time="2025-02-20T21:36:25.764288" level="INFO">Current location is 'https://melivecode.com/login/login.html'.</msg>
<arg>${ERROR URL}</arg>
<doc>Verifies that the current URL is exactly ``url``.</doc>
<status status="PASS" start="2025-02-20T21:36:20.759508" elapsed="5.004919"/>
</kw>
<kw name="Title Should Be" owner="SeleniumLibrary">
<msg time="2025-02-20T21:36:30.768746" level="INFO">Page title is 'Me Live Code - Login'.</msg>
<arg>Me Live Code - Login</arg>
<doc>Verifies that the current page title equals ``title``.</doc>
<status status="PASS" start="2025-02-20T21:36:25.764621" elapsed="5.004362"/>
</kw>
<status status="PASS" start="2025-02-20T21:36:20.759255" elapsed="10.009883"/>
</kw>
<arg>invalid</arg>
<arg>${VALID PASSWORD}</arg>
<status status="PASS" start="2025-02-20T21:35:30.531300" elapsed="60.237931"/>
</kw>
<status status="PASS" start="2025-02-20T21:35:20.405248" elapsed="70.364380"/>
</test>
<test id="s1-s1-t2" name="Invalid Password" line="18">
<kw name="Go To Login Page" owner="resource" type="SETUP">
<kw name="Go To" owner="SeleniumLibrary">
<msg time="2025-02-20T21:36:30.771328" level="INFO">Opening url 'https://melivecode.com/login/login.html'</msg>
<arg>${LOGIN URL}</arg>
<doc>Navigates the current browser window to the provided ``url``.</doc>
<status status="PASS" start="2025-02-20T21:36:30.771178" elapsed="5.158084"/>
</kw>
<kw name="Login Page Should Be Open" owner="resource">
<kw name="Title Should Be" owner="SeleniumLibrary">
<msg time="2025-02-20T21:36:40.933248" level="INFO">Page title is 'Me Live Code - Login'.</msg>
<arg>Me Live Code - Login</arg>
<doc>Verifies that the current page title equals ``title``.</doc>
<status status="PASS" start="2025-02-20T21:36:35.929699" elapsed="5.003676"/>
</kw>
<status status="PASS" start="2025-02-20T21:36:35.929479" elapsed="5.003998"/>
</kw>
<status status="PASS" start="2025-02-20T21:36:30.770865" elapsed="10.162668"/>
</kw>
<kw name="Login With Invalid Credentials Should Fail">
<kw name="Input Username" owner="resource">
<kw name="Input Text" owner="SeleniumLibrary">
<msg time="2025-02-20T21:36:40.934527" level="INFO">Typing text 'karn.yong@melivecode.com' into text field 'username'.</msg>
<arg>username</arg>
<arg>${username}</arg>
<doc>Types the given ``text`` into the text field identified by ``locator``.</doc>
<status status="PASS" start="2025-02-20T21:36:40.934371" elapsed="15.065761"/>
</kw>
<arg>${username}</arg>
<status status="PASS" start="2025-02-20T21:36:40.934169" elapsed="15.066106"/>
</kw>
<kw name="Input Password" owner="resource">
<kw name="Input Text" owner="SeleniumLibrary">
<msg time="2025-02-20T21:36:56.000914" level="INFO">Typing text 'invalid' into text field 'password'.</msg>
<arg>password</arg>
<arg>${password}</arg>
<doc>Types the given ``text`` into the text field identified by ``locator``.</doc>
<status status="PASS" start="2025-02-20T21:36:56.000759" elapsed="15.059979"/>
</kw>
<arg>${password}</arg>
<status status="PASS" start="2025-02-20T21:36:56.000456" elapsed="15.060424"/>
</kw>
<kw name="Submit Credentials" owner="resource">
<kw name="Click Button" owner="SeleniumLibrary">
<msg time="2025-02-20T21:37:11.061498" level="INFO">Clicking button 'login_button'.</msg>
<arg>login_button</arg>
<doc>Clicks the button identified by ``locator``.</doc>
<status status="PASS" start="2025-02-20T21:37:11.061326" elapsed="20.057175"/>
</kw>
<status status="PASS" start="2025-02-20T21:37:11.061057" elapsed="20.057655"/>
</kw>
<kw name="Login Should Have Failed">
<kw name="Location Should Be" owner="SeleniumLibrary">
<msg time="2025-02-20T21:37:36.124023" level="INFO">Current location is 'https://melivecode.com/login/login.html'.</msg>
<arg>${ERROR URL}</arg>
<doc>Verifies that the current URL is exactly ``url``.</doc>
<status status="PASS" start="2025-02-20T21:37:31.119343" elapsed="5.005015"/>
</kw>
<kw name="Title Should Be" owner="SeleniumLibrary">
<msg time="2025-02-20T21:37:41.128494" level="INFO">Page title is 'Me Live Code - Login'.</msg>
<arg>Me Live Code - Login</arg>
<doc>Verifies that the current page title equals ``title``.</doc>
<status status="PASS" start="2025-02-20T21:37:36.124554" elapsed="5.004070"/>
</kw>
<status status="PASS" start="2025-02-20T21:37:31.118974" elapsed="10.009759"/>
</kw>
<arg>${VALID USER}</arg>
<arg>invalid</arg>
<status status="PASS" start="2025-02-20T21:36:40.933834" elapsed="60.194955"/>
</kw>
<status status="PASS" start="2025-02-20T21:36:30.770353" elapsed="70.358732"/>
</test>
<test id="s1-s1-t3" name="Invalid Username And Password" line="19">
<kw name="Go To Login Page" owner="resource" type="SETUP">
<kw name="Go To" owner="SeleniumLibrary">
<msg time="2025-02-20T21:37:41.130536" level="INFO">Opening url 'https://melivecode.com/login/login.html'</msg>
<arg>${LOGIN URL}</arg>
<doc>Navigates the current browser window to the provided ``url``.</doc>
<status status="PASS" start="2025-02-20T21:37:41.130403" elapsed="5.106792"/>
</kw>
<kw name="Login Page Should Be Open" owner="resource">
<kw name="Title Should Be" owner="SeleniumLibrary">
<msg time="2025-02-20T21:37:51.241853" level="INFO">Page title is 'Me Live Code - Login'.</msg>
<arg>Me Live Code - Login</arg>
<doc>Verifies that the current page title equals ``title``.</doc>
<status status="PASS" start="2025-02-20T21:37:46.237705" elapsed="5.004295"/>
</kw>
<status status="PASS" start="2025-02-20T21:37:46.237446" elapsed="5.004662"/>
</kw>
<status status="PASS" start="2025-02-20T21:37:41.130189" elapsed="10.111975"/>
</kw>
<kw name="Login With Invalid Credentials Should Fail">
<kw name="Input Username" owner="resource">
<kw name="Input Text" owner="SeleniumLibrary">
<msg time="2025-02-20T21:37:51.243295" level="INFO">Typing text 'invalid' into text field 'username'.</msg>
<arg>username</arg>
<arg>${username}</arg>
<doc>Types the given ``text`` into the text field identified by ``locator``.</doc>
<status status="PASS" start="2025-02-20T21:37:51.243130" elapsed="15.060619"/>
</kw>
<arg>${username}</arg>
<status status="PASS" start="2025-02-20T21:37:51.242887" elapsed="15.060999"/>
</kw>
<kw name="Input Password" owner="resource">
<kw name="Input Text" owner="SeleniumLibrary">
<msg time="2025-02-20T21:38:06.304543" level="INFO">Typing text 'whatever' into text field 'password'.</msg>
<arg>password</arg>
<arg>${password}</arg>
<doc>Types the given ``text`` into the text field identified by ``locator``.</doc>
<status status="PASS" start="2025-02-20T21:38:06.304365" elapsed="15.062737"/>
</kw>
<arg>${password}</arg>
<status status="PASS" start="2025-02-20T21:38:06.304066" elapsed="15.063177"/>
</kw>
<kw name="Submit Credentials" owner="resource">
<kw name="Click Button" owner="SeleniumLibrary">
<msg time="2025-02-20T21:38:21.367839" level="INFO">Clicking button 'login_button'.</msg>
<arg>login_button</arg>
<doc>Clicks the button identified by ``locator``.</doc>
<status status="PASS" start="2025-02-20T21:38:21.367685" elapsed="20.056795"/>
</kw>
<status status="PASS" start="2025-02-20T21:38:21.367426" elapsed="20.057194"/>
</kw>
<kw name="Login Should Have Failed">
<kw name="Location Should Be" owner="SeleniumLibrary">
<msg time="2025-02-20T21:38:46.429743" level="INFO">Current location is 'https://melivecode.com/login/login.html'.</msg>
<arg>${ERROR URL}</arg>
<doc>Verifies that the current URL is exactly ``url``.</doc>
<status status="PASS" start="2025-02-20T21:38:41.425061" elapsed="5.004799"/>
</kw>
<kw name="Title Should Be" owner="SeleniumLibrary">
<msg time="2025-02-20T21:38:51.433645" level="INFO">Page title is 'Me Live Code - Login'.</msg>
<arg>Me Live Code - Login</arg>
<doc>Verifies that the current page title equals ``title``.</doc>
<status status="PASS" start="2025-02-20T21:38:46.430028" elapsed="5.003762"/>
</kw>
<status status="PASS" start="2025-02-20T21:38:41.424799" elapsed="10.009090"/>
</kw>
<arg>invalid</arg>
<arg>whatever</arg>
<status status="PASS" start="2025-02-20T21:37:51.242523" elapsed="60.191418"/>
</kw>
<status status="PASS" start="2025-02-20T21:37:41.129779" elapsed="70.304413"/>
</test>
<test id="s1-s1-t4" name="Empty Username" line="20">
<kw name="Go To Login Page" owner="resource" type="SETUP">
<kw name="Go To" owner="SeleniumLibrary">
<msg time="2025-02-20T21:38:51.436128" level="INFO">Opening url 'https://melivecode.com/login/login.html'</msg>
<arg>${LOGIN URL}</arg>
<doc>Navigates the current browser window to the provided ``url``.</doc>
<status status="PASS" start="2025-02-20T21:38:51.435947" elapsed="5.136106"/>
</kw>
<kw name="Login Page Should Be Open" owner="resource">
<kw name="Title Should Be" owner="SeleniumLibrary">
<msg time="2025-02-20T21:39:01.576214" level="INFO">Page title is 'Me Live Code - Login'.</msg>
<arg>Me Live Code - Login</arg>
<doc>Verifies that the current page title equals ``title``.</doc>
<status status="PASS" start="2025-02-20T21:38:56.572571" elapsed="5.003773"/>
</kw>
<status status="PASS" start="2025-02-20T21:38:56.572310" elapsed="5.004143"/>
</kw>
<status status="PASS" start="2025-02-20T21:38:51.435591" elapsed="10.140920"/>
</kw>
<kw name="Login With Invalid Credentials Should Fail">
<kw name="Input Username" owner="resource">
<kw name="Input Text" owner="SeleniumLibrary">
<msg time="2025-02-20T21:39:01.577870" level="INFO">Typing text '' into text field 'username'.</msg>
<arg>username</arg>
<arg>${username}</arg>
<doc>Types the given ``text`` into the text field identified by ``locator``.</doc>
<status status="PASS" start="2025-02-20T21:39:01.577704" elapsed="15.055514"/>
</kw>
<arg>${username}</arg>
<status status="PASS" start="2025-02-20T21:39:01.577471" elapsed="15.055900"/>
</kw>
<kw name="Input Password" owner="resource">
<kw name="Input Text" owner="SeleniumLibrary">
<msg time="2025-02-20T21:39:16.634000" level="INFO">Typing text 'melivecode' into text field 'password'.</msg>
<arg>password</arg>
<arg>${password}</arg>
<doc>Types the given ``text`` into the text field identified by ``locator``.</doc>
<status status="PASS" start="2025-02-20T21:39:16.633829" elapsed="15.063260"/>
</kw>
<arg>${password}</arg>
<status status="PASS" start="2025-02-20T21:39:16.633547" elapsed="15.063683"/>
</kw>
<kw name="Submit Credentials" owner="resource">
<kw name="Click Button" owner="SeleniumLibrary">
<msg time="2025-02-20T21:39:31.697798" level="INFO">Clicking button 'login_button'.</msg>
<arg>login_button</arg>
<doc>Clicks the button identified by ``locator``.</doc>
<status status="PASS" start="2025-02-20T21:39:31.697655" elapsed="20.053415"/>
</kw>
<status status="PASS" start="2025-02-20T21:39:31.697411" elapsed="20.053797"/>
</kw>
<kw name="Login Should Have Failed">
<kw name="Location Should Be" owner="SeleniumLibrary">
<msg time="2025-02-20T21:39:56.756191" level="INFO">Current location is 'https://melivecode.com/login/login.html'.</msg>
<arg>${ERROR URL}</arg>
<doc>Verifies that the current URL is exactly ``url``.</doc>
<status status="PASS" start="2025-02-20T21:39:51.751647" elapsed="5.004672"/>
</kw>
<kw name="Title Should Be" owner="SeleniumLibrary">
<msg time="2025-02-20T21:40:01.760987" level="INFO">Page title is 'Me Live Code - Login'.</msg>
<arg>Me Live Code - Login</arg>
<doc>Verifies that the current page title equals ``title``.</doc>
<status status="PASS" start="2025-02-20T21:39:56.756501" elapsed="5.004600"/>
</kw>
<status status="PASS" start="2025-02-20T21:39:51.751393" elapsed="10.009800"/>
</kw>
<arg>${EMPTY}</arg>
<arg>${VALID PASSWORD}</arg>
<status status="PASS" start="2025-02-20T21:39:01.576825" elapsed="60.184415"/>
</kw>
<status status="PASS" start="2025-02-20T21:38:51.435076" elapsed="70.326413"/>
</test>
<test id="s1-s1-t5" name="Empty Password" line="21">
<kw name="Go To Login Page" owner="resource" type="SETUP">
<kw name="Go To" owner="SeleniumLibrary">
<msg time="2025-02-20T21:40:01.762698" level="INFO">Opening url 'https://melivecode.com/login/login.html'</msg>
<arg>${LOGIN URL}</arg>
<doc>Navigates the current browser window to the provided ``url``.</doc>
<status status="PASS" start="2025-02-20T21:40:01.762451" elapsed="5.450785"/>
</kw>
<kw name="Login Page Should Be Open" owner="resource">
<kw name="Title Should Be" owner="SeleniumLibrary">
<msg time="2025-02-20T21:40:12.217555" level="INFO">Page title is 'Me Live Code - Login'.</msg>
<arg>Me Live Code - Login</arg>
<doc>Verifies that the current page title equals ``title``.</doc>
<status status="PASS" start="2025-02-20T21:40:07.213735" elapsed="5.003947"/>
</kw>
<status status="PASS" start="2025-02-20T21:40:07.213476" elapsed="5.004314"/>
</kw>
<status status="PASS" start="2025-02-20T21:40:01.762263" elapsed="10.455585"/>
</kw>
<kw name="Login With Invalid Credentials Should Fail">
<kw name="Input Username" owner="resource">
<kw name="Input Text" owner="SeleniumLibrary">
<msg time="2025-02-20T21:40:12.219288" level="INFO">Typing text 'karn.yong@melivecode.com' into text field 'username'.</msg>
<arg>username</arg>
<arg>${username}</arg>
<doc>Types the given ``text`` into the text field identified by ``locator``.</doc>
<status status="PASS" start="2025-02-20T21:40:12.219062" elapsed="15.064022"/>
</kw>
<arg>${username}</arg>
<status status="PASS" start="2025-02-20T21:40:12.218823" elapsed="15.064404"/>
</kw>
<kw name="Input Password" owner="resource">
<kw name="Input Text" owner="SeleniumLibrary">
<msg time="2025-02-20T21:40:27.283906" level="INFO">Typing text '' into text field 'password'.</msg>
<arg>password</arg>
<arg>${password}</arg>
<doc>Types the given ``text`` into the text field identified by ``locator``.</doc>
<status status="PASS" start="2025-02-20T21:40:27.283726" elapsed="15.072422"/>
</kw>
<arg>${password}</arg>
<status status="PASS" start="2025-02-20T21:40:27.283410" elapsed="15.072946"/>
</kw>
<kw name="Submit Credentials" owner="resource">
<kw name="Click Button" owner="SeleniumLibrary">
<msg time="2025-02-20T21:40:42.356934" level="INFO">Clicking button 'login_button'.</msg>
<arg>login_button</arg>
<doc>Clicks the button identified by ``locator``.</doc>
<status status="PASS" start="2025-02-20T21:40:42.356792" elapsed="20.056761"/>
</kw>
<status status="PASS" start="2025-02-20T21:40:42.356547" elapsed="20.057157"/>
</kw>
<kw name="Login Should Have Failed">
<kw name="Location Should Be" owner="SeleniumLibrary">
<msg time="2025-02-20T21:41:07.418468" level="INFO">Current location is 'https://melivecode.com/login/login.html'.</msg>
<arg>${ERROR URL}</arg>
<doc>Verifies that the current URL is exactly ``url``.</doc>
<status status="PASS" start="2025-02-20T21:41:02.414174" elapsed="5.004422"/>
</kw>
<kw name="Title Should Be" owner="SeleniumLibrary">
<msg time="2025-02-20T21:41:12.422619" level="INFO">Page title is 'Me Live Code - Login'.</msg>
<arg>Me Live Code - Login</arg>
<doc>Verifies that the current page title equals ``title``.</doc>
<status status="PASS" start="2025-02-20T21:41:07.418779" elapsed="5.003968"/>
</kw>
<status status="PASS" start="2025-02-20T21:41:02.413894" elapsed="10.008964"/>
</kw>
<arg>${VALID USER}</arg>
<arg>${EMPTY}</arg>
<status status="PASS" start="2025-02-20T21:40:12.218148" elapsed="60.204769"/>
</kw>
<status status="PASS" start="2025-02-20T21:40:01.761958" elapsed="70.661260"/>
</test>
<test id="s1-s1-t6" name="Empty Username And Password" line="22">
<kw name="Go To Login Page" owner="resource" type="SETUP">
<kw name="Go To" owner="SeleniumLibrary">
<msg time="2025-02-20T21:41:12.424599" level="INFO">Opening url 'https://melivecode.com/login/login.html'</msg>
<arg>${LOGIN URL}</arg>
<doc>Navigates the current browser window to the provided ``url``.</doc>
<status status="PASS" start="2025-02-20T21:41:12.424473" elapsed="5.310718"/>
</kw>
<kw name="Login Page Should Be Open" owner="resource">
<kw name="Title Should Be" owner="SeleniumLibrary">
<msg time="2025-02-20T21:41:22.741415" level="INFO">Page title is 'Me Live Code - Login'.</msg>
<arg>Me Live Code - Login</arg>
<doc>Verifies that the current page title equals ``title``.</doc>
<status status="PASS" start="2025-02-20T21:41:17.735922" elapsed="5.005631"/>
</kw>
<status status="PASS" start="2025-02-20T21:41:17.735539" elapsed="5.006131"/>
</kw>
<status status="PASS" start="2025-02-20T21:41:12.424236" elapsed="10.317499"/>
</kw>
<kw name="Login With Invalid Credentials Should Fail">
<kw name="Input Username" owner="resource">
<kw name="Input Text" owner="SeleniumLibrary">
<msg time="2025-02-20T21:41:22.743453" level="INFO">Typing text '' into text field 'username'.</msg>
<arg>username</arg>
<arg>${username}</arg>
<doc>Types the given ``text`` into the text field identified by ``locator``.</doc>
<status status="PASS" start="2025-02-20T21:41:22.743273" elapsed="15.057241"/>
</kw>
<arg>${username}</arg>
<status status="PASS" start="2025-02-20T21:41:22.743054" elapsed="15.057619"/>
</kw>
<kw name="Input Password" owner="resource">
<kw name="Input Text" owner="SeleniumLibrary">
<msg time="2025-02-20T21:41:37.801313" level="INFO">Typing text '' into text field 'password'.</msg>
<arg>password</arg>
<arg>${password}</arg>
<doc>Types the given ``text`` into the text field identified by ``locator``.</doc>
<status status="PASS" start="2025-02-20T21:41:37.801153" elapsed="15.059808"/>
</kw>
<arg>${password}</arg>
<status status="PASS" start="2025-02-20T21:41:37.800877" elapsed="15.060223"/>
</kw>
<kw name="Submit Credentials" owner="resource">
<kw name="Click Button" owner="SeleniumLibrary">
<msg time="2025-02-20T21:41:52.861686" level="INFO">Clicking button 'login_button'.</msg>
<arg>login_button</arg>
<doc>Clicks the button identified by ``locator``.</doc>
<status status="PASS" start="2025-02-20T21:41:52.861536" elapsed="20.055177"/>
</kw>
<status status="PASS" start="2025-02-20T21:41:52.861286" elapsed="20.055577"/>
</kw>
<kw name="Login Should Have Failed">
<kw name="Location Should Be" owner="SeleniumLibrary">
<msg time="2025-02-20T21:42:17.922378" level="INFO">Current location is 'https://melivecode.com/login/login.html'.</msg>
<arg>${ERROR URL}</arg>
<doc>Verifies that the current URL is exactly ``url``.</doc>
<status status="PASS" start="2025-02-20T21:42:12.917292" elapsed="5.005208"/>
</kw>
<kw name="Title Should Be" owner="SeleniumLibrary">
<msg time="2025-02-20T21:42:22.927211" level="INFO">Page title is 'Me Live Code - Login'.</msg>
<arg>Me Live Code - Login</arg>
<doc>Verifies that the current page title equals ``title``.</doc>
<status status="PASS" start="2025-02-20T21:42:17.922672" elapsed="5.004661"/>
</kw>
<status status="PASS" start="2025-02-20T21:42:12.917039" elapsed="10.010395"/>
</kw>
<arg>${EMPTY}</arg>
<arg>${EMPTY}</arg>
<status status="PASS" start="2025-02-20T21:41:22.742112" elapsed="60.185376"/>
</kw>
<status status="PASS" start="2025-02-20T21:41:12.423866" elapsed="70.503897"/>
</test>
<kw name="Close Browser" owner="SeleniumLibrary" type="TEARDOWN">
<doc>Closes the current browser.</doc>
<status status="PASS" start="2025-02-20T21:42:22.928717" elapsed="7.088150"/>
</kw>
<doc>A test suite containing tests related to invalid login.

These tests are data-driven by their nature. They use a single
keyword, specified with Test Template setting, that is called
with different arguments to cover different scenarios.

This suite also demonstrates using setups and teardowns in
different levels.</doc>
<status status="PASS" start="2025-02-20T21:35:10.383858" elapsed="439.633099"/>
</suite>
<suite id="s1-s2" name="Valid Login" source="D:\robotframework\login_tests\valid_login.robot">
<test id="s1-s2-t1" name="Valid Login" line="9">
<kw name="Open Browser To Login Page" owner="resource">
<kw name="Open Browser" owner="SeleniumLibrary">
<msg time="2025-02-20T21:42:30.022270" level="INFO">Opening browser 'chrome' to base url 'https://melivecode.com/login/login.html'.</msg>
<arg>${LOGIN URL}</arg>
<arg>${BROWSER}</arg>
<doc>Opens a new browser instance to the optional ``url``.</doc>
<status status="PASS" start="2025-02-20T21:42:30.022082" elapsed="7.178762"/>
</kw>
<kw name="Maximize Browser Window" owner="SeleniumLibrary">
<doc>Maximizes current browser window.</doc>
<status status="PASS" start="2025-02-20T21:42:37.201173" elapsed="5.039383"/>
</kw>
<kw name="Set Selenium Speed" owner="SeleniumLibrary">
<arg>${DELAY}</arg>
<doc>Sets the delay that is waited after each Selenium command.</doc>
<status status="PASS" start="2025-02-20T21:42:42.240742" elapsed="0.000247"/>
</kw>
<kw name="Login Page Should Be Open" owner="resource">
<kw name="Title Should Be" owner="SeleniumLibrary">
<msg time="2025-02-20T21:42:47.248256" level="INFO">Page title is 'Me Live Code - Login'.</msg>
<arg>Me Live Code - Login</arg>
<doc>Verifies that the current page title equals ``title``.</doc>
<status status="PASS" start="2025-02-20T21:42:42.241368" elapsed="5.007129"/>
</kw>
<status status="PASS" start="2025-02-20T21:42:42.241157" elapsed="5.007503"/>
</kw>
<status status="PASS" start="2025-02-20T21:42:30.021847" elapsed="17.226871"/>
</kw>
<kw name="Input Username" owner="resource">
<kw name="Input Text" owner="SeleniumLibrary">
<msg time="2025-02-20T21:42:47.249662" level="INFO">Typing text 'karn.yong@melivecode.com' into text field 'username'.</msg>
<arg>username</arg>
<arg>${username}</arg>
<doc>Types the given ``text`` into the text field identified by ``locator``.</doc>
<status status="PASS" start="2025-02-20T21:42:47.249446" elapsed="15.124799"/>
</kw>
<arg>karn.yong@melivecode.com</arg>
<status status="PASS" start="2025-02-20T21:42:47.249069" elapsed="15.125307"/>
</kw>
<kw name="Input Password" owner="resource">
<kw name="Input Text" owner="SeleniumLibrary">
<msg time="2025-02-20T21:43:02.375190" level="INFO">Typing text 'melivecode' into text field 'password'.</msg>
<arg>password</arg>
<arg>${password}</arg>
<doc>Types the given ``text`` into the text field identified by ``locator``.</doc>
<status status="PASS" start="2025-02-20T21:43:02.374984" elapsed="15.068190"/>
</kw>
<arg>melivecode</arg>
<status status="PASS" start="2025-02-20T21:43:02.374688" elapsed="15.068678"/>
</kw>
<kw name="Submit Credentials" owner="resource">
<kw name="Click Button" owner="SeleniumLibrary">
<msg time="2025-02-20T21:43:17.444254" level="INFO">Clicking button 'login_button'.</msg>
<arg>login_button</arg>
<doc>Clicks the button identified by ``locator``.</doc>
<status status="PASS" start="2025-02-20T21:43:17.444080" elapsed="20.061194"/>
</kw>
<status status="PASS" start="2025-02-20T21:43:17.443778" elapsed="20.061637"/>
</kw>
<kw name="Welcome Page Should Be Open" owner="resource">
<kw name="Location Should Be" owner="SeleniumLibrary">
<msg time="2025-02-20T21:43:42.511128" level="INFO">Current location is 'https://melivecode.com/login/index.html'.</msg>
<arg>${WELCOME URL}</arg>
<doc>Verifies that the current URL is exactly ``url``.</doc>
<status status="PASS" start="2025-02-20T21:43:37.506078" elapsed="5.005180"/>
</kw>
<kw name="Title Should Be" owner="SeleniumLibrary">
<msg time="2025-02-20T21:43:47.515522" level="INFO">Page title is 'Profile Page'.</msg>
<arg>Profile Page</arg>
<doc>Verifies that the current page title equals ``title``.</doc>
<status status="PASS" start="2025-02-20T21:43:42.511435" elapsed="5.004235"/>
</kw>
<status status="PASS" start="2025-02-20T21:43:37.505747" elapsed="10.010032"/>
</kw>
<kw name="Close Browser" owner="SeleniumLibrary" type="TEARDOWN">
<doc>Closes the current browser.</doc>
<status status="PASS" start="2025-02-20T21:43:47.516236" elapsed="7.073139"/>
</kw>
<status status="PASS" start="2025-02-20T21:42:30.021461" elapsed="84.568144"/>
</test>
<doc>A test suite with a single test for valid login.

This test has a workflow that is created using keywords in
the imported resource file.</doc>
<status status="PASS" start="2025-02-20T21:42:30.018000" elapsed="84.572263"/>
</suite>
<status status="PASS" start="2025-02-20T21:35:10.350081" elapsed="524.240988"/>
</suite>
<statistics>
<total>
<stat pass="7" fail="0" skip="0">All Tests</stat>
</total>
<tag>
</tag>
<suite>
<stat name="Login Tests" id="s1" pass="7" fail="0" skip="0">Login Tests</stat>
<stat name="Invalid Login" id="s1-s1" pass="6" fail="0" skip="0">Login Tests.Invalid Login</stat>
<stat name="Valid Login" id="s1-s2" pass="1" fail="0" skip="0">Login Tests.Valid Login</stat>
</suite>
</statistics>
<errors>
</errors>
</robot>
